2025/04/14 13:16:51 [emerg] 1#1: host not found in upstream "frontend" in /etc/nginx/conf.d/default.conf:11
2025/04/14 13:16:58 [notice] 1#1: using the "epoll" event method
2025/04/14 13:16:58 [notice] 1#1: nginx/1.27.4
2025/04/14 13:16:58 [notice] 1#1: built by gcc 14.2.0 (Alpine 14.2.0) 
2025/04/14 13:16:58 [notice] 1#1: OS: Linux 5.15.153.1-microsoft-standard-WSL2
2025/04/14 13:16:58 [notice] 1#1: getrlimit(RLIMIT_NOFILE): 1048576:1048576
2025/04/14 13:16:58 [notice] 1#1: start worker processes
2025/04/14 13:16:58 [notice] 1#1: start worker process 29
2025/04/14 13:16:58 [notice] 1#1: start worker process 30
2025/04/14 13:16:58 [notice] 1#1: start worker process 31
2025/04/14 13:16:58 [notice] 1#1: start worker process 32
2025/04/14 13:16:58 [notice] 1#1: start worker process 33
2025/04/14 13:16:58 [notice] 1#1: start worker process 34
2025/04/14 13:16:58 [notice] 1#1: start worker process 35
2025/04/14 13:16:58 [notice] 1#1: start worker process 36
2025/04/14 13:16:58 [notice] 1#1: start worker process 37
2025/04/14 13:16:58 [notice] 1#1: start worker process 38
2025/04/14 13:16:58 [notice] 1#1: start worker process 39
2025/04/14 13:16:58 [notice] 1#1: start worker process 40
2025/04/14 20:12:48 [emerg] 15060#15060: open() "/etc/nginx/conf.d/default.conf" failed (2: No such file or directory) in /etc/nginx/nginx.conf:31
2025/04/14 20:13:18 [notice] 1#1: signal 3 (SIGQUIT) received, shutting down
2025/04/14 20:13:18 [notice] 29#29: gracefully shutting down
2025/04/14 20:13:18 [notice] 30#30: gracefully shutting down
2025/04/14 20:13:18 [notice] 31#31: gracefully shutting down
2025/04/14 20:13:18 [notice] 32#32: gracefully shutting down
2025/04/14 20:13:18 [notice] 34#34: gracefully shutting down
2025/04/14 20:13:18 [notice] 33#33: gracefully shutting down
2025/04/14 20:13:18 [notice] 36#36: gracefully shutting down
2025/04/14 20:13:18 [notice] 34#34: exiting
2025/04/14 20:13:18 [notice] 37#37: gracefully shutting down
2025/04/14 20:13:18 [notice] 38#38: gracefully shutting down
2025/04/14 20:13:18 [notice] 40#40: gracefully shutting down
2025/04/14 20:13:18 [notice] 35#35: gracefully shutting down
2025/04/14 20:13:18 [notice] 38#38: exiting
2025/04/14 20:13:18 [notice] 39#39: gracefully shutting down
2025/04/14 20:13:18 [notice] 30#30: exiting
2025/04/14 20:13:18 [notice] 29#29: exiting
2025/04/14 20:13:18 [notice] 31#31: exiting
2025/04/14 20:13:18 [notice] 39#39: exiting
2025/04/14 20:13:18 [notice] 32#32: exiting
2025/04/14 20:13:18 [notice] 33#33: exiting
2025/04/14 20:13:18 [notice] 39#39: exit
2025/04/14 20:13:18 [notice] 36#36: exiting
2025/04/14 20:13:18 [notice] 37#37: exiting
2025/04/14 20:13:18 [notice] 34#34: exit
2025/04/14 20:13:18 [notice] 40#40: exiting
2025/04/14 20:13:18 [notice] 38#38: exit
2025/04/14 20:13:18 [notice] 30#30: exit
2025/04/14 20:13:18 [notice] 35#35: exiting
2025/04/14 20:13:18 [notice] 29#29: exit
2025/04/14 20:13:18 [notice] 31#31: exit
2025/04/14 20:13:18 [notice] 32#32: exit
2025/04/14 20:13:18 [notice] 33#33: exit
2025/04/14 20:13:18 [notice] 35#35: exit
2025/04/14 20:13:18 [notice] 36#36: exit
2025/04/14 20:13:18 [notice] 37#37: exit
2025/04/14 20:13:18 [notice] 40#40: exit
2025/04/14 20:13:18 [notice] 1#1: signal 17 (SIGCHLD) received from 29
2025/04/14 20:13:18 [notice] 1#1: worker process 29 exited with code 0
2025/04/14 20:13:18 [notice] 1#1: worker process 30 exited with code 0
2025/04/14 20:13:18 [notice] 1#1: worker process 31 exited with code 0
2025/04/14 20:13:18 [notice] 1#1: worker process 32 exited with code 0
2025/04/14 20:13:18 [notice] 1#1: worker process 33 exited with code 0
2025/04/14 20:13:18 [notice] 1#1: worker process 34 exited with code 0
2025/04/14 20:13:18 [notice] 1#1: worker process 35 exited with code 0
2025/04/14 20:13:18 [notice] 1#1: worker process 36 exited with code 0
2025/04/14 20:13:18 [notice] 1#1: worker process 37 exited with code 0
2025/04/14 20:13:18 [notice] 1#1: worker process 38 exited with code 0
2025/04/14 20:13:18 [notice] 1#1: worker process 39 exited with code 0
2025/04/14 20:13:18 [notice] 1#1: worker process 40 exited with code 0
2025/04/14 20:13:18 [notice] 1#1: exit
2025/04/14 20:17:33 [notice] 1#1: using the "epoll" event method
2025/04/14 20:17:33 [notice] 1#1: nginx/1.27.4
2025/04/14 20:17:33 [notice] 1#1: built by gcc 14.2.0 (Alpine 14.2.0) 
2025/04/14 20:17:33 [notice] 1#1: OS: Linux 5.15.153.1-microsoft-standard-WSL2
2025/04/14 20:17:33 [notice] 1#1: getrlimit(RLIMIT_NOFILE): 1048576:1048576
2025/04/14 20:17:33 [notice] 1#1: start worker processes
2025/04/14 20:17:33 [notice] 1#1: start worker process 29
2025/04/14 20:17:33 [notice] 1#1: start worker process 30
2025/04/14 20:17:33 [notice] 1#1: start worker process 31
2025/04/14 20:17:33 [notice] 1#1: start worker process 32
2025/04/14 20:17:33 [notice] 1#1: start worker process 33
2025/04/14 20:17:33 [notice] 1#1: start worker process 34
2025/04/14 20:17:33 [notice] 1#1: start worker process 35
2025/04/14 20:17:33 [notice] 1#1: start worker process 36
2025/04/14 20:17:33 [notice] 1#1: start worker process 37
2025/04/14 20:17:33 [notice] 1#1: start worker process 38
2025/04/14 20:17:33 [notice] 1#1: start worker process 39
2025/04/14 20:17:33 [notice] 1#1: start worker process 40
2025/04/14 20:17:50 [notice] 1#1: signal 3 (SIGQUIT) received, shutting down
2025/04/14 20:17:50 [notice] 29#29: gracefully shutting down
2025/04/14 20:17:50 [notice] 31#31: gracefully shutting down
2025/04/14 20:17:50 [notice] 32#32: gracefully shutting down
2025/04/14 20:17:50 [notice] 33#33: gracefully shutting down
2025/04/14 20:17:50 [notice] 33#33: exiting
2025/04/14 20:17:50 [notice] 34#34: gracefully shutting down
2025/04/14 20:17:50 [notice] 40#40: gracefully shutting down
2025/04/14 20:17:50 [notice] 29#29: exiting
2025/04/14 20:17:50 [notice] 29#29: exit
2025/04/14 20:17:50 [notice] 39#39: gracefully shutting down
2025/04/14 20:17:50 [notice] 35#35: gracefully shutting down
2025/04/14 20:17:50 [notice] 30#30: gracefully shutting down
2025/04/14 20:17:50 [notice] 31#31: exiting
2025/04/14 20:17:50 [notice] 32#32: exiting
2025/04/14 20:17:50 [notice] 38#38: gracefully shutting down
2025/04/14 20:17:50 [notice] 36#36: gracefully shutting down
2025/04/14 20:17:50 [notice] 33#33: exit
2025/04/14 20:17:50 [notice] 34#34: exiting
2025/04/14 20:17:50 [notice] 40#40: exiting
2025/04/14 20:17:50 [notice] 39#39: exiting
2025/04/14 20:17:50 [notice] 35#35: exiting
2025/04/14 20:17:50 [notice] 37#37: gracefully shutting down
2025/04/14 20:17:50 [notice] 35#35: exit
2025/04/14 20:17:50 [notice] 30#30: exiting
2025/04/14 20:17:50 [notice] 31#31: exit
2025/04/14 20:17:50 [notice] 32#32: exit
2025/04/14 20:17:50 [notice] 38#38: exiting
2025/04/14 20:17:50 [notice] 38#38: exit
2025/04/14 20:17:50 [notice] 36#36: exiting
2025/04/14 20:17:50 [notice] 36#36: exit
2025/04/14 20:17:50 [notice] 34#34: exit
2025/04/14 20:17:50 [notice] 40#40: exit
2025/04/14 20:17:50 [notice] 39#39: exit
2025/04/14 20:17:50 [notice] 37#37: exiting
2025/04/14 20:17:50 [notice] 30#30: exit
2025/04/14 20:17:50 [notice] 37#37: exit
2025/04/14 20:30:48 [notice] 1#1: using the "epoll" event method
2025/04/14 20:30:48 [notice] 1#1: nginx/1.27.4
2025/04/14 20:30:48 [notice] 1#1: built by gcc 14.2.0 (Alpine 14.2.0) 
2025/04/14 20:30:48 [notice] 1#1: OS: Linux 5.15.153.1-microsoft-standard-WSL2
2025/04/14 20:30:48 [notice] 1#1: getrlimit(RLIMIT_NOFILE): 1048576:1048576
2025/04/14 20:30:48 [notice] 1#1: start worker processes
2025/04/14 20:30:48 [notice] 1#1: start worker process 29
2025/04/14 20:30:48 [notice] 1#1: start worker process 30
2025/04/14 20:30:48 [notice] 1#1: start worker process 31
2025/04/14 20:30:48 [notice] 1#1: start worker process 32
2025/04/14 20:30:48 [notice] 1#1: start worker process 33
2025/04/14 20:30:48 [notice] 1#1: start worker process 34
2025/04/14 20:30:48 [notice] 1#1: start worker process 35
2025/04/14 20:30:48 [notice] 1#1: start worker process 36
2025/04/14 20:30:48 [notice] 1#1: start worker process 37
2025/04/14 20:30:48 [notice] 1#1: start worker process 38
2025/04/14 20:30:48 [notice] 1#1: start worker process 39
2025/04/14 20:30:48 [notice] 1#1: start worker process 40
2025/04/14 20:42:47 [notice] 1#1: using the "epoll" event method
2025/04/14 20:42:47 [notice] 1#1: nginx/1.27.4
2025/04/14 20:42:47 [notice] 1#1: built by gcc 14.2.0 (Alpine 14.2.0) 
2025/04/14 20:42:47 [notice] 1#1: OS: Linux 5.15.153.1-microsoft-standard-WSL2
2025/04/14 20:42:47 [notice] 1#1: getrlimit(RLIMIT_NOFILE): 1048576:1048576
2025/04/14 20:42:47 [notice] 1#1: start worker processes
2025/04/14 20:42:47 [notice] 1#1: start worker process 29
2025/04/14 20:42:47 [notice] 1#1: start worker process 30
2025/04/14 20:42:47 [notice] 1#1: start worker process 31
2025/04/14 20:42:47 [notice] 1#1: start worker process 32
2025/04/14 20:42:47 [notice] 1#1: start worker process 33
2025/04/14 20:42:47 [notice] 1#1: start worker process 34
2025/04/14 20:42:47 [notice] 1#1: start worker process 35
2025/04/14 20:42:47 [notice] 1#1: start worker process 36
2025/04/14 20:42:47 [notice] 1#1: start worker process 37
2025/04/14 20:42:47 [notice] 1#1: start worker process 38
2025/04/14 20:42:47 [notice] 1#1: start worker process 39
2025/04/14 20:42:47 [notice] 1#1: start worker process 40
2025/04/14 20:47:13 [notice] 1#1: signal 3 (SIGQUIT) received, shutting down
2025/04/14 20:47:13 [notice] 29#29: gracefully shutting down
2025/04/14 20:47:13 [notice] 39#39: gracefully shutting down
2025/04/14 20:47:13 [notice] 30#30: gracefully shutting down
2025/04/14 20:47:13 [notice] 33#33: gracefully shutting down
2025/04/14 20:47:13 [notice] 31#31: gracefully shutting down
2025/04/14 20:47:13 [notice] 32#32: gracefully shutting down
2025/04/14 20:47:13 [notice] 34#34: gracefully shutting down
2025/04/14 20:47:13 [notice] 35#35: gracefully shutting down
2025/04/14 20:47:13 [notice] 37#37: gracefully shutting down
2025/04/14 20:47:13 [notice] 36#36: gracefully shutting down
2025/04/14 20:47:13 [notice] 38#38: gracefully shutting down
2025/04/14 20:47:13 [notice] 40#40: gracefully shutting down
2025/04/14 20:47:13 [notice] 29#29: exiting
2025/04/14 20:47:13 [notice] 39#39: exiting
2025/04/14 20:47:13 [notice] 30#30: exiting
2025/04/14 20:47:13 [notice] 33#33: exiting
2025/04/14 20:47:13 [notice] 31#31: exiting
2025/04/14 20:47:13 [notice] 32#32: exiting
2025/04/14 20:47:13 [notice] 34#34: exiting
2025/04/14 20:47:13 [notice] 35#35: exiting
2025/04/14 20:47:13 [notice] 37#37: exiting
2025/04/14 20:47:13 [notice] 36#36: exiting
2025/04/14 20:47:13 [notice] 38#38: exiting
2025/04/14 20:47:13 [notice] 40#40: exiting
2025/04/14 20:47:13 [notice] 29#29: exit
2025/04/14 20:47:13 [notice] 40#40: exit
2025/04/14 20:47:13 [notice] 39#39: exit
2025/04/14 20:47:13 [notice] 30#30: exit
2025/04/14 20:47:13 [notice] 33#33: exit
2025/04/14 20:47:13 [notice] 31#31: exit
2025/04/14 20:47:13 [notice] 32#32: exit
2025/04/14 20:47:13 [notice] 34#34: exit
2025/04/14 20:47:13 [notice] 35#35: exit
2025/04/14 20:47:13 [notice] 37#37: exit
2025/04/14 20:47:13 [notice] 36#36: exit
2025/04/14 20:47:13 [notice] 38#38: exit
2025/04/14 20:47:13 [notice] 1#1: signal 17 (SIGCHLD) received from 40
2025/04/14 20:47:13 [notice] 1#1: worker process 36 exited with code 0
2025/04/14 20:47:13 [notice] 1#1: worker process 40 exited with code 0
2025/04/14 20:47:13 [notice] 1#1: signal 29 (SIGIO) received
2025/04/14 20:47:13 [notice] 1#1: signal 17 (SIGCHLD) received from 36
2025/04/14 20:47:13 [notice] 1#1: signal 17 (SIGCHLD) received from 29
2025/04/14 20:47:13 [notice] 1#1: worker process 29 exited with code 0
2025/04/14 20:47:13 [notice] 1#1: worker process 30 exited with code 0
2025/04/14 20:47:13 [notice] 1#1: worker process 32 exited with code 0
2025/04/14 20:47:13 [notice] 1#1: worker process 33 exited with code 0
2025/04/14 20:47:13 [notice] 1#1: worker process 34 exited with code 0
2025/04/14 20:47:13 [notice] 1#1: worker process 38 exited with code 0
2025/04/14 20:47:13 [notice] 1#1: signal 29 (SIGIO) received
2025/04/14 20:47:13 [notice] 1#1: signal 17 (SIGCHLD) received from 38
2025/04/14 20:47:13 [notice] 1#1: signal 17 (SIGCHLD) received from 37
2025/04/14 20:47:13 [notice] 1#1: worker process 37 exited with code 0
2025/04/14 20:47:13 [notice] 1#1: signal 29 (SIGIO) received
2025/04/14 20:47:13 [notice] 1#1: signal 17 (SIGCHLD) received from 31
2025/04/14 20:47:13 [notice] 1#1: worker process 31 exited with code 0
2025/04/14 20:47:13 [notice] 1#1: worker process 35 exited with code 0
2025/04/14 20:47:13 [notice] 1#1: worker process 39 exited with code 0
2025/04/14 20:47:13 [notice] 1#1: exit
2025/04/15 18:12:29 [notice] 1#1: using the "epoll" event method
2025/04/15 18:12:29 [notice] 1#1: nginx/1.27.4
2025/04/15 18:12:29 [notice] 1#1: built by gcc 14.2.0 (Alpine 14.2.0) 
2025/04/15 18:12:29 [notice] 1#1: OS: Linux 5.15.153.1-microsoft-standard-WSL2
2025/04/15 18:12:29 [notice] 1#1: getrlimit(RLIMIT_NOFILE): 1048576:1048576
2025/04/15 18:12:29 [notice] 1#1: start worker processes
2025/04/15 18:12:29 [notice] 1#1: start worker process 29
2025/04/15 18:12:29 [notice] 1#1: start worker process 30
2025/04/15 18:12:29 [notice] 1#1: start worker process 31
2025/04/15 18:12:29 [notice] 1#1: start worker process 32
2025/04/15 18:12:29 [notice] 1#1: start worker process 33
2025/04/15 18:12:29 [notice] 1#1: start worker process 34
2025/04/15 18:12:29 [notice] 1#1: start worker process 35
2025/04/15 18:12:29 [notice] 1#1: start worker process 36
2025/04/15 18:12:29 [notice] 1#1: start worker process 37
2025/04/15 18:12:29 [notice] 1#1: start worker process 38
2025/04/15 18:12:29 [notice] 1#1: start worker process 39
2025/04/15 18:12:29 [notice] 1#1: start worker process 40
2025/04/15 18:37:29 [notice] 1#1: signal 3 (SIGQUIT) received, shutting down
2025/04/15 18:37:29 [notice] 29#29: gracefully shutting down
2025/04/15 18:37:29 [notice] 35#35: gracefully shutting down
2025/04/15 18:37:29 [notice] 30#30: gracefully shutting down
2025/04/15 18:37:29 [notice] 31#31: gracefully shutting down
2025/04/15 18:37:29 [notice] 34#34: gracefully shutting down
2025/04/15 18:37:29 [notice] 33#33: gracefully shutting down
2025/04/15 18:37:29 [notice] 36#36: gracefully shutting down
2025/04/15 18:37:29 [notice] 32#32: gracefully shutting down
2025/04/15 18:37:29 [notice] 40#40: gracefully shutting down
2025/04/15 18:37:29 [notice] 39#39: gracefully shutting down
2025/04/15 18:37:29 [notice] 37#37: gracefully shutting down
2025/04/15 18:37:29 [notice] 38#38: gracefully shutting down
2025/04/15 18:37:29 [notice] 38#38: exiting
2025/04/15 18:37:29 [notice] 29#29: exiting
2025/04/15 18:37:29 [notice] 35#35: exiting
2025/04/15 18:37:29 [notice] 30#30: exiting
2025/04/15 18:37:29 [notice] 31#31: exiting
2025/04/15 18:37:29 [notice] 34#34: exiting
2025/04/15 18:37:29 [notice] 33#33: exiting
2025/04/15 18:37:29 [notice] 36#36: exiting
2025/04/15 18:37:29 [notice] 32#32: exiting
2025/04/15 18:37:29 [notice] 40#40: exiting
2025/04/15 18:37:29 [notice] 32#32: exit
2025/04/15 18:37:29 [notice] 39#39: exiting
2025/04/15 18:37:29 [notice] 37#37: exiting
2025/04/15 18:37:29 [notice] 38#38: exit
2025/04/15 18:37:29 [notice] 37#37: exit
2025/04/15 18:37:29 [notice] 29#29: exit
2025/04/15 18:37:29 [notice] 35#35: exit
2025/04/15 18:37:29 [notice] 30#30: exit
2025/04/15 18:37:29 [notice] 31#31: exit
2025/04/15 18:37:29 [notice] 34#34: exit
2025/04/15 18:37:29 [notice] 36#36: exit
2025/04/15 18:37:29 [notice] 33#33: exit
2025/04/15 18:37:29 [notice] 40#40: exit
2025/04/15 18:37:29 [notice] 39#39: exit
2025/04/15 18:37:29 [notice] 1#1: signal 17 (SIGCHLD) received from 40
2025/04/15 18:37:29 [notice] 1#1: worker process 34 exited with code 0
2025/04/15 18:37:29 [notice] 1#1: worker process 40 exited with code 0
2025/04/15 18:37:29 [notice] 1#1: signal 29 (SIGIO) received
2025/04/15 18:37:29 [notice] 1#1: signal 17 (SIGCHLD) received from 36
2025/04/15 18:37:29 [notice] 1#1: worker process 30 exited with code 0
2025/04/15 18:37:29 [notice] 1#1: worker process 35 exited with code 0
2025/04/15 18:37:29 [notice] 1#1: worker process 36 exited with code 0
2025/04/15 18:37:29 [notice] 1#1: signal 29 (SIGIO) received
2025/04/15 18:37:29 [notice] 1#1: signal 17 (SIGCHLD) received from 30
2025/04/15 18:37:29 [notice] 1#1: signal 17 (SIGCHLD) received from 37
2025/04/15 18:37:29 [notice] 1#1: worker process 37 exited with code 0
2025/04/15 18:37:29 [notice] 1#1: worker process 31 exited with code 0
2025/04/15 18:37:29 [notice] 1#1: signal 29 (SIGIO) received
2025/04/15 18:37:29 [notice] 1#1: signal 17 (SIGCHLD) received from 31
2025/04/15 18:37:29 [notice] 1#1: signal 17 (SIGCHLD) received from 39
2025/04/15 18:37:29 [notice] 1#1: worker process 29 exited with code 0
2025/04/15 18:37:29 [notice] 1#1: worker process 38 exited with code 0
2025/04/15 18:37:29 [notice] 1#1: worker process 39 exited with code 0
2025/04/15 18:37:29 [notice] 1#1: signal 29 (SIGIO) received
2025/04/15 18:37:29 [notice] 1#1: signal 17 (SIGCHLD) received from 32
2025/04/15 18:37:29 [notice] 1#1: worker process 32 exited with code 0
2025/04/15 18:37:29 [notice] 1#1: worker process 33 exited with code 0
2025/04/15 18:37:29 [notice] 1#1: exit
2025/04/15 18:42:40 [notice] 1#1: using the "epoll" event method
2025/04/15 18:42:40 [notice] 1#1: nginx/1.27.4
2025/04/15 18:42:40 [notice] 1#1: built by gcc 14.2.0 (Alpine 14.2.0) 
2025/04/15 18:42:40 [notice] 1#1: OS: Linux 5.15.153.1-microsoft-standard-WSL2
2025/04/15 18:42:40 [notice] 1#1: getrlimit(RLIMIT_NOFILE): 1048576:1048576
2025/04/15 18:42:40 [notice] 1#1: start worker processes
2025/04/15 18:42:40 [notice] 1#1: start worker process 29
2025/04/15 18:42:40 [notice] 1#1: start worker process 30
2025/04/15 18:42:40 [notice] 1#1: start worker process 31
2025/04/15 18:42:40 [notice] 1#1: start worker process 32
2025/04/15 18:42:40 [notice] 1#1: start worker process 33
2025/04/15 18:42:40 [notice] 1#1: start worker process 34
2025/04/15 18:42:40 [notice] 1#1: start worker process 35
2025/04/15 18:42:40 [notice] 1#1: start worker process 36
2025/04/15 18:42:40 [notice] 1#1: start worker process 37
2025/04/15 18:42:40 [notice] 1#1: start worker process 38
2025/04/15 18:42:40 [notice] 1#1: start worker process 39
2025/04/15 18:42:40 [notice] 1#1: start worker process 40
2025/04/15 18:44:05 [notice] 1#1: signal 3 (SIGQUIT) received, shutting down
2025/04/15 18:44:05 [notice] 29#29: gracefully shutting down
2025/04/15 18:44:05 [notice] 40#40: gracefully shutting down
2025/04/15 18:44:05 [notice] 30#30: gracefully shutting down
2025/04/15 18:44:05 [notice] 31#31: gracefully shutting down
2025/04/15 18:44:05 [notice] 32#32: gracefully shutting down
2025/04/15 18:44:05 [notice] 33#33: gracefully shutting down
2025/04/15 18:44:05 [notice] 34#34: gracefully shutting down
2025/04/15 18:44:05 [notice] 35#35: gracefully shutting down
2025/04/15 18:44:05 [notice] 36#36: gracefully shutting down
2025/04/15 18:44:05 [notice] 37#37: gracefully shutting down
2025/04/15 18:44:05 [notice] 38#38: gracefully shutting down
2025/04/15 18:44:05 [notice] 39#39: gracefully shutting down
2025/04/15 18:44:05 [notice] 29#29: exiting
2025/04/15 18:44:05 [notice] 40#40: exiting
2025/04/15 18:44:05 [notice] 30#30: exiting
2025/04/15 18:44:05 [notice] 31#31: exiting
2025/04/15 18:44:05 [notice] 32#32: exiting
2025/04/15 18:44:05 [notice] 31#31: exit
2025/04/15 18:44:05 [notice] 33#33: exiting
2025/04/15 18:44:05 [notice] 34#34: exiting
2025/04/15 18:44:05 [notice] 35#35: exiting
2025/04/15 18:44:05 [notice] 36#36: exiting
2025/04/15 18:44:05 [notice] 37#37: exiting
2025/04/15 18:44:05 [notice] 38#38: exiting
2025/04/15 18:44:05 [notice] 39#39: exiting
2025/04/15 18:44:05 [notice] 29#29: exit
2025/04/15 18:44:05 [notice] 39#39: exit
2025/04/15 18:44:05 [notice] 40#40: exit
2025/04/15 18:44:05 [notice] 30#30: exit
2025/04/15 18:44:05 [notice] 32#32: exit
2025/04/15 18:44:05 [notice] 33#33: exit
2025/04/15 18:44:05 [notice] 34#34: exit
2025/04/15 18:44:05 [notice] 35#35: exit
2025/04/15 18:44:05 [notice] 36#36: exit
2025/04/15 18:44:05 [notice] 37#37: exit
2025/04/15 18:44:05 [notice] 38#38: exit
2025/04/15 18:44:05 [notice] 1#1: signal 17 (SIGCHLD) received from 30
2025/04/15 18:44:05 [notice] 1#1: worker process 30 exited with code 0
2025/04/15 18:44:05 [notice] 1#1: worker process 31 exited with code 0
2025/04/15 18:44:05 [notice] 1#1: worker process 32 exited with code 0
2025/04/15 18:44:05 [notice] 1#1: worker process 36 exited with code 0
2025/04/15 18:44:05 [notice] 1#1: worker process 38 exited with code 0
2025/04/15 18:44:05 [notice] 1#1: worker process 39 exited with code 0
2025/04/15 18:44:05 [notice] 1#1: worker process 40 exited with code 0
2025/04/15 18:44:05 [notice] 1#1: signal 29 (SIGIO) received
2025/04/15 18:44:05 [notice] 1#1: signal 17 (SIGCHLD) received from 31
2025/04/15 18:44:05 [notice] 1#1: signal 17 (SIGCHLD) received from 35
2025/04/15 18:44:05 [notice] 1#1: worker process 35 exited with code 0
2025/04/15 18:44:05 [notice] 1#1: signal 29 (SIGIO) received
2025/04/15 18:44:05 [notice] 1#1: signal 17 (SIGCHLD) received from 37
2025/04/15 18:44:05 [notice] 1#1: worker process 33 exited with code 0
2025/04/15 18:44:05 [notice] 1#1: worker process 34 exited with code 0
2025/04/15 18:44:05 [notice] 1#1: worker process 37 exited with code 0
2025/04/15 18:44:05 [notice] 1#1: signal 29 (SIGIO) received
2025/04/15 18:44:05 [notice] 1#1: signal 17 (SIGCHLD) received from 34
2025/04/15 18:44:05 [notice] 1#1: signal 17 (SIGCHLD) received from 29
2025/04/15 18:44:05 [notice] 1#1: worker process 29 exited with code 0
2025/04/15 18:44:05 [notice] 1#1: exit
2025/04/15 18:50:04 [notice] 1#1: using the "epoll" event method
2025/04/15 18:50:04 [notice] 1#1: nginx/1.27.4
2025/04/15 18:50:04 [notice] 1#1: built by gcc 14.2.0 (Alpine 14.2.0) 
2025/04/15 18:50:04 [notice] 1#1: OS: Linux 5.15.153.1-microsoft-standard-WSL2
2025/04/15 18:50:04 [notice] 1#1: getrlimit(RLIMIT_NOFILE): 1048576:1048576
2025/04/15 18:50:04 [notice] 1#1: start worker processes
2025/04/15 18:50:04 [notice] 1#1: start worker process 30
2025/04/15 18:50:04 [notice] 1#1: start worker process 31
2025/04/15 18:50:04 [notice] 1#1: start worker process 32
2025/04/15 18:50:04 [notice] 1#1: start worker process 33
2025/04/15 18:50:04 [notice] 1#1: start worker process 34
2025/04/15 18:50:04 [notice] 1#1: start worker process 35
2025/04/15 18:50:04 [notice] 1#1: start worker process 36
2025/04/15 18:50:04 [notice] 1#1: start worker process 37
2025/04/15 18:50:04 [notice] 1#1: start worker process 38
2025/04/15 18:50:04 [notice] 1#1: start worker process 39
2025/04/15 18:50:04 [notice] 1#1: start worker process 40
2025/04/15 18:50:04 [notice] 1#1: start worker process 41
2025/04/15 18:51:06 [notice] 1#1: signal 3 (SIGQUIT) received, shutting down
2025/04/15 18:51:06 [notice] 30#30: gracefully shutting down
2025/04/15 18:51:06 [notice] 40#40: gracefully shutting down
2025/04/15 18:51:06 [notice] 31#31: gracefully shutting down
2025/04/15 18:51:06 [notice] 32#32: gracefully shutting down
2025/04/15 18:51:06 [notice] 33#33: gracefully shutting down
2025/04/15 18:51:06 [notice] 34#34: gracefully shutting down
2025/04/15 18:51:06 [notice] 35#35: gracefully shutting down
2025/04/15 18:51:06 [notice] 36#36: gracefully shutting down
2025/04/15 18:51:06 [notice] 37#37: gracefully shutting down
2025/04/15 18:51:06 [notice] 38#38: gracefully shutting down
2025/04/15 18:51:06 [notice] 39#39: gracefully shutting down
2025/04/15 18:51:06 [notice] 41#41: gracefully shutting down
2025/04/15 18:51:06 [notice] 30#30: exiting
2025/04/15 18:51:06 [notice] 40#40: exiting
2025/04/15 18:51:06 [notice] 30#30: exit
2025/04/15 18:51:06 [notice] 31#31: exiting
2025/04/15 18:51:06 [notice] 32#32: exiting
2025/04/15 18:51:06 [notice] 31#31: exit
2025/04/15 18:51:06 [notice] 33#33: exiting
2025/04/15 18:51:06 [notice] 34#34: exiting
2025/04/15 18:51:06 [notice] 35#35: exiting
2025/04/15 18:51:06 [notice] 36#36: exiting
2025/04/15 18:51:06 [notice] 37#37: exiting
2025/04/15 18:51:06 [notice] 38#38: exiting
2025/04/15 18:51:06 [notice] 37#37: exit
2025/04/15 18:51:06 [notice] 39#39: exiting
2025/04/15 18:51:06 [notice] 41#41: exiting
2025/04/15 18:51:06 [notice] 39#39: exit
2025/04/15 18:51:06 [notice] 40#40: exit
2025/04/15 18:51:06 [notice] 32#32: exit
2025/04/15 18:51:06 [notice] 33#33: exit
2025/04/15 18:51:06 [notice] 34#34: exit
2025/04/15 18:51:06 [notice] 35#35: exit
2025/04/15 18:51:06 [notice] 36#36: exit
2025/04/15 18:51:06 [notice] 38#38: exit
2025/04/15 18:51:06 [notice] 41#41: exit
2025/04/15 18:51:06 [notice] 1#1: signal 17 (SIGCHLD) received from 30
2025/04/15 18:51:06 [notice] 1#1: worker process 30 exited with code 0
2025/04/15 18:51:06 [notice] 1#1: worker process 31 exited with code 0
2025/04/15 18:51:06 [notice] 1#1: worker process 33 exited with code 0
2025/04/15 18:51:06 [notice] 1#1: signal 29 (SIGIO) received
2025/04/15 18:51:06 [notice] 1#1: signal 17 (SIGCHLD) received from 35
2025/04/15 18:51:06 [notice] 1#1: worker process 35 exited with code 0
2025/04/15 18:51:06 [notice] 1#1: worker process 38 exited with code 0
2025/04/15 18:51:06 [notice] 1#1: signal 29 (SIGIO) received
2025/04/15 18:51:06 [notice] 1#1: signal 17 (SIGCHLD) received from 34
2025/04/15 18:51:06 [notice] 1#1: worker process 34 exited with code 0
2025/04/15 18:51:06 [notice] 1#1: signal 29 (SIGIO) received
2025/04/15 18:51:06 [notice] 1#1: signal 17 (SIGCHLD) received from 41
2025/04/15 18:51:06 [notice] 1#1: worker process 39 exited with code 0
2025/04/15 18:51:06 [notice] 1#1: worker process 40 exited with code 0
2025/04/15 18:51:06 [notice] 1#1: worker process 41 exited with code 0
2025/04/15 18:51:06 [notice] 1#1: signal 29 (SIGIO) received
2025/04/15 18:51:06 [notice] 1#1: signal 17 (SIGCHLD) received from 40
2025/04/15 18:51:06 [notice] 1#1: signal 17 (SIGCHLD) received from 32
2025/04/15 18:51:06 [notice] 1#1: worker process 32 exited with code 0
2025/04/15 18:51:06 [notice] 1#1: worker process 36 exited with code 0
2025/04/15 18:51:06 [notice] 1#1: worker process 37 exited with code 0
2025/04/15 18:51:06 [notice] 1#1: exit
2025/04/22 10:53:55 [notice] 1#1: using the "epoll" event method
2025/04/22 10:53:55 [notice] 1#1: nginx/1.27.4
2025/04/22 10:53:55 [notice] 1#1: built by gcc 14.2.0 (Alpine 14.2.0) 
2025/04/22 10:53:55 [notice] 1#1: OS: Linux 5.15.153.1-microsoft-standard-WSL2
2025/04/22 10:53:55 [notice] 1#1: getrlimit(RLIMIT_NOFILE): 1048576:1048576
2025/04/22 10:53:55 [notice] 1#1: start worker processes
2025/04/22 10:53:55 [notice] 1#1: start worker process 29
2025/04/22 10:53:55 [notice] 1#1: start worker process 30
2025/04/22 10:53:55 [notice] 1#1: start worker process 31
2025/04/22 10:53:55 [notice] 1#1: start worker process 32
2025/04/22 10:53:55 [notice] 1#1: start worker process 33
2025/04/22 10:53:55 [notice] 1#1: start worker process 34
2025/04/22 10:53:55 [notice] 1#1: start worker process 35
2025/04/22 10:53:55 [notice] 1#1: start worker process 36
2025/04/22 10:53:55 [notice] 1#1: start worker process 37
2025/04/22 10:53:55 [notice] 1#1: start worker process 38
2025/04/22 10:53:55 [notice] 1#1: start worker process 39
2025/04/22 10:53:55 [notice] 1#1: start worker process 40
2025/04/22 10:54:56 [notice] 1#1: signal 3 (SIGQUIT) received, shutting down
2025/04/22 10:54:56 [notice] 29#29: gracefully shutting down
2025/04/22 10:54:56 [notice] 38#38: gracefully shutting down
2025/04/22 10:54:56 [notice] 30#30: gracefully shutting down
2025/04/22 10:54:56 [notice] 31#31: gracefully shutting down
2025/04/22 10:54:56 [notice] 32#32: gracefully shutting down
2025/04/22 10:54:56 [notice] 33#33: gracefully shutting down
2025/04/22 10:54:56 [notice] 34#34: gracefully shutting down
2025/04/22 10:54:56 [notice] 36#36: gracefully shutting down
2025/04/22 10:54:56 [notice] 35#35: gracefully shutting down
2025/04/22 10:54:56 [notice] 37#37: gracefully shutting down
2025/04/22 10:54:56 [notice] 39#39: gracefully shutting down
2025/04/22 10:54:56 [notice] 29#29: exiting
2025/04/22 10:54:56 [notice] 40#40: gracefully shutting down
2025/04/22 10:54:56 [notice] 38#38: exiting
2025/04/22 10:54:56 [notice] 30#30: exiting
2025/04/22 10:54:56 [notice] 31#31: exiting
2025/04/22 10:54:56 [notice] 32#32: exiting
2025/04/22 10:54:56 [notice] 33#33: exiting
2025/04/22 10:54:56 [notice] 34#34: exiting
2025/04/22 10:54:56 [notice] 36#36: exiting
2025/04/22 10:54:56 [notice] 34#34: exit
2025/04/22 10:54:56 [notice] 35#35: exiting
2025/04/22 10:54:56 [notice] 37#37: exiting
2025/04/22 10:54:56 [notice] 39#39: exiting
2025/04/22 10:54:56 [notice] 29#29: exit
2025/04/22 10:54:56 [notice] 40#40: exiting
2025/04/22 10:54:56 [notice] 38#38: exit
2025/04/22 10:54:56 [notice] 30#30: exit
2025/04/22 10:54:56 [notice] 31#31: exit
2025/04/22 10:54:56 [notice] 32#32: exit
2025/04/22 10:54:56 [notice] 33#33: exit
2025/04/22 10:54:56 [notice] 36#36: exit
2025/04/22 10:54:56 [notice] 35#35: exit
2025/04/22 10:54:56 [notice] 37#37: exit
2025/04/22 10:54:56 [notice] 39#39: exit
2025/04/22 10:54:56 [notice] 40#40: exit
2025/04/22 10:54:56 [notice] 1#1: signal 17 (SIGCHLD) received from 29
2025/04/22 10:54:56 [notice] 1#1: worker process 29 exited with code 0
2025/04/22 10:54:56 [notice] 1#1: worker process 30 exited with code 0
2025/04/22 10:54:56 [notice] 1#1: worker process 36 exited with code 0
2025/04/22 10:54:56 [notice] 1#1: worker process 38 exited with code 0
2025/04/22 10:54:56 [notice] 1#1: signal 29 (SIGIO) received
2025/04/22 10:54:56 [notice] 1#1: signal 17 (SIGCHLD) received from 36
2025/04/22 10:54:56 [notice] 1#1: signal 17 (SIGCHLD) received from 32
2025/04/22 10:54:56 [notice] 1#1: worker process 32 exited with code 0
2025/04/22 10:54:56 [notice] 1#1: worker process 33 exited with code 0
2025/04/22 10:54:56 [notice] 1#1: signal 29 (SIGIO) received
2025/04/22 10:54:56 [notice] 1#1: signal 17 (SIGCHLD) received from 40
2025/04/22 10:54:56 [notice] 1#1: worker process 31 exited with code 0
2025/04/22 10:54:56 [notice] 1#1: worker process 39 exited with code 0
2025/04/22 10:54:56 [notice] 1#1: worker process 40 exited with code 0
2025/04/22 10:54:56 [notice] 1#1: signal 29 (SIGIO) received
2025/04/22 10:54:56 [notice] 1#1: signal 17 (SIGCHLD) received from 35
2025/04/22 10:54:56 [notice] 1#1: worker process 35 exited with code 0
2025/04/22 10:54:56 [notice] 1#1: signal 29 (SIGIO) received
2025/04/22 10:54:56 [notice] 1#1: signal 17 (SIGCHLD) received from 34
2025/04/22 10:54:56 [notice] 1#1: worker process 34 exited with code 0
2025/04/22 10:54:56 [notice] 1#1: worker process 37 exited with code 0
2025/04/22 10:54:56 [notice] 1#1: exit
2025/04/22 11:00:14 [notice] 1#1: using the "epoll" event method
2025/04/22 11:00:14 [notice] 1#1: nginx/1.27.4
2025/04/22 11:00:14 [notice] 1#1: built by gcc 14.2.0 (Alpine 14.2.0) 
2025/04/22 11:00:14 [notice] 1#1: OS: Linux 5.15.153.1-microsoft-standard-WSL2
2025/04/22 11:00:14 [notice] 1#1: getrlimit(RLIMIT_NOFILE): 1048576:1048576
2025/04/22 11:00:14 [notice] 1#1: start worker processes
2025/04/22 11:00:14 [notice] 1#1: start worker process 29
2025/04/22 11:00:14 [notice] 1#1: start worker process 30
2025/04/22 11:00:14 [notice] 1#1: start worker process 31
2025/04/22 11:00:14 [notice] 1#1: start worker process 32
2025/04/22 11:00:14 [notice] 1#1: start worker process 33
2025/04/22 11:00:14 [notice] 1#1: start worker process 34
2025/04/22 11:00:14 [notice] 1#1: start worker process 35
2025/04/22 11:00:14 [notice] 1#1: start worker process 36
2025/04/22 11:00:14 [notice] 1#1: start worker process 37
2025/04/22 11:00:14 [notice] 1#1: start worker process 38
2025/04/22 11:00:14 [notice] 1#1: start worker process 39
2025/04/22 11:00:14 [notice] 1#1: start worker process 40
2025/04/22 11:01:49 [notice] 1#1: signal 3 (SIGQUIT) received, shutting down
2025/04/22 11:01:49 [notice] 29#29: gracefully shutting down
2025/04/22 11:01:49 [notice] 40#40: gracefully shutting down
2025/04/22 11:01:49 [notice] 30#30: gracefully shutting down
2025/04/22 11:01:49 [notice] 31#31: gracefully shutting down
2025/04/22 11:01:49 [notice] 32#32: gracefully shutting down
2025/04/22 11:01:49 [notice] 33#33: gracefully shutting down
2025/04/22 11:01:49 [notice] 34#34: gracefully shutting down
2025/04/22 11:01:49 [notice] 35#35: gracefully shutting down
2025/04/22 11:01:49 [notice] 36#36: gracefully shutting down
2025/04/22 11:01:49 [notice] 38#38: gracefully shutting down
2025/04/22 11:01:49 [notice] 37#37: gracefully shutting down
2025/04/22 11:01:49 [notice] 39#39: gracefully shutting down
2025/04/22 11:01:49 [notice] 29#29: exiting
2025/04/22 11:01:49 [notice] 40#40: exiting
2025/04/22 11:01:49 [notice] 30#30: exiting
2025/04/22 11:01:49 [notice] 31#31: exiting
2025/04/22 11:01:49 [notice] 32#32: exiting
2025/04/22 11:01:49 [notice] 33#33: exiting
2025/04/22 11:01:49 [notice] 34#34: exiting
2025/04/22 11:01:49 [notice] 33#33: exit
2025/04/22 11:01:49 [notice] 35#35: exiting
2025/04/22 11:01:49 [notice] 36#36: exiting
2025/04/22 11:01:49 [notice] 38#38: exiting
2025/04/22 11:01:49 [notice] 37#37: exiting
2025/04/22 11:01:49 [notice] 39#39: exiting
2025/04/22 11:01:49 [notice] 29#29: exit
2025/04/22 11:01:49 [notice] 40#40: exit
2025/04/22 11:01:49 [notice] 30#30: exit
2025/04/22 11:01:49 [notice] 31#31: exit
2025/04/22 11:01:49 [notice] 32#32: exit
2025/04/22 11:01:49 [notice] 34#34: exit
2025/04/22 11:01:49 [notice] 35#35: exit
2025/04/22 11:01:49 [notice] 36#36: exit
2025/04/22 11:01:49 [notice] 38#38: exit
2025/04/22 11:01:49 [notice] 37#37: exit
2025/04/22 11:01:49 [notice] 39#39: exit
2025/04/22 11:01:49 [notice] 1#1: signal 17 (SIGCHLD) received from 33
2025/04/22 11:01:49 [notice] 1#1: worker process 33 exited with code 0
2025/04/22 11:01:49 [notice] 1#1: signal 29 (SIGIO) received
2025/04/22 11:01:49 [notice] 1#1: signal 17 (SIGCHLD) received from 40
2025/04/22 11:01:49 [notice] 1#1: worker process 40 exited with code 0
2025/04/22 11:01:49 [notice] 1#1: worker process 31 exited with code 0
2025/04/22 11:01:49 [notice] 1#1: worker process 32 exited with code 0
2025/04/22 11:01:49 [notice] 1#1: worker process 35 exited with code 0
2025/04/22 11:01:49 [notice] 1#1: worker process 36 exited with code 0
2025/04/22 11:01:49 [notice] 1#1: worker process 39 exited with code 0
2025/04/22 11:01:49 [notice] 1#1: signal 29 (SIGIO) received
2025/04/22 11:01:49 [notice] 1#1: signal 17 (SIGCHLD) received from 31
2025/04/22 11:01:49 [notice] 1#1: signal 17 (SIGCHLD) received from 30
2025/04/22 11:01:49 [notice] 1#1: worker process 30 exited with code 0
2025/04/22 11:01:49 [notice] 1#1: worker process 37 exited with code 0
2025/04/22 11:01:49 [notice] 1#1: signal 29 (SIGIO) received
2025/04/22 11:01:49 [notice] 1#1: signal 17 (SIGCHLD) received from 37
2025/04/22 11:01:49 [notice] 1#1: signal 17 (SIGCHLD) received from 38
2025/04/22 11:01:49 [notice] 1#1: worker process 34 exited with code 0
2025/04/22 11:01:49 [notice] 1#1: worker process 29 exited with code 0
2025/04/22 11:01:49 [notice] 1#1: worker process 38 exited with code 0
2025/04/22 11:01:49 [notice] 1#1: exit
2025/04/22 11:02:50 [emerg] 1#1: "worker_processes" directive is not allowed here in /etc/nginx/conf.d/default.conf:1
2025/04/22 11:02:51 [emerg] 1#1: "worker_processes" directive is not allowed here in /etc/nginx/conf.d/default.conf:1
2025/04/22 11:02:52 [emerg] 1#1: "worker_processes" directive is not allowed here in /etc/nginx/conf.d/default.conf:1
2025/04/22 11:02:53 [emerg] 1#1: "worker_processes" directive is not allowed here in /etc/nginx/conf.d/default.conf:1
2025/04/22 11:02:54 [emerg] 1#1: "worker_processes" directive is not allowed here in /etc/nginx/conf.d/default.conf:1
2025/04/22 11:02:56 [emerg] 1#1: "worker_processes" directive is not allowed here in /etc/nginx/conf.d/default.conf:1
2025/04/22 11:02:59 [emerg] 1#1: "worker_processes" directive is not allowed here in /etc/nginx/conf.d/default.conf:1
2025/04/22 11:03:06 [emerg] 1#1: "worker_processes" directive is not allowed here in /etc/nginx/conf.d/default.conf:1
2025/04/22 11:03:19 [emerg] 1#1: "worker_processes" directive is not allowed here in /etc/nginx/conf.d/default.conf:1
2025/04/22 11:03:45 [emerg] 1#1: "worker_processes" directive is not allowed here in /etc/nginx/conf.d/default.conf:1
2025/04/22 11:04:36 [emerg] 1#1: "worker_processes" directive is not allowed here in /etc/nginx/conf.d/default.conf:1
2025/04/22 11:05:47 [notice] 1#1: using the "epoll" event method
2025/04/22 11:05:47 [notice] 1#1: nginx/1.27.4
2025/04/22 11:05:47 [notice] 1#1: built by gcc 14.2.0 (Alpine 14.2.0) 
2025/04/22 11:05:47 [notice] 1#1: OS: Linux 5.15.153.1-microsoft-standard-WSL2
2025/04/22 11:05:47 [notice] 1#1: getrlimit(RLIMIT_NOFILE): 1048576:1048576
2025/04/22 11:05:47 [notice] 1#1: start worker processes
2025/04/22 11:05:47 [notice] 1#1: start worker process 29
2025/04/22 11:05:47 [notice] 1#1: start worker process 30
2025/04/22 11:05:47 [notice] 1#1: start worker process 31
2025/04/22 11:05:47 [notice] 1#1: start worker process 32
2025/04/22 11:05:47 [notice] 1#1: start worker process 33
2025/04/22 11:05:47 [notice] 1#1: start worker process 34
2025/04/22 11:05:47 [notice] 1#1: start worker process 35
2025/04/22 11:05:47 [notice] 1#1: start worker process 36
2025/04/22 11:05:47 [notice] 1#1: start worker process 37
2025/04/22 11:05:47 [notice] 1#1: start worker process 38
2025/04/22 11:05:47 [notice] 1#1: start worker process 39
2025/04/22 11:05:47 [notice] 1#1: start worker process 40
